

/******************************************************************************************
* WriteStepFile diagnostics.
* Date:                           Sun Mar 18 22:51:32 2018 
* Produced by:                    The EXPRESS Data Manager Version 5.02.0100.07 : 28 Aug 2013
* Module:                         EDMstepFileFactory/EDMstandAlone
* Host:                           LAPTOP-3USAN00K
* Database:                       C:\Users\3FF4~1\AppData\Local\Temp\{43CD845B-B0D2-4064-B1BA-18013A42F20F}\ifc
* Database version:               5507
* Database creation date:         Sun Mar 18 22:51:25 2018
* Model:                          DataRepository.ifc
* Model creation date:            Sun Mar 18 22:51:26 2018
* Header model:                   DataRepository.ifc_HeaderModel
* Header model creation date:     Sun Mar 18 22:51:26 2018
* Step file:                      MegaModel.ifc
* EDMuser:                        sdai-user
* EDMgroup:                       sdai-group
* License ID and type:            5605 : Permanent license. Expiry date: 
* EDMstepFileFactory options:     020000
******************************************************************************************/


------------------------------------------------------------------------------------------------
Operation terminated successfully.
------------------------------------------------------------------------------------------------

